{"/Users/benhouston/Coding/Business/mcp-server-text-editor/eslint.config.js": {"path":"/Users/benhouston/Coding/Business/mcp-server-text-editor/eslint.config.js","all":true,"statementMap":{"0":{"start":{"line":1,"column":0},"end":{"line":1,"column":19}},"1":{"start":{"line":2,"column":0},"end":{"line":2,"column":28}},"2":{"start":{"line":3,"column":0},"end":{"line":3,"column":48}},"3":{"start":{"line":4,"column":0},"end":{"line":4,"column":69}},"4":{"start":{"line":5,"column":0},"end":{"line":5,"column":50}},"5":{"start":{"line":6,"column":0},"end":{"line":6,"column":63}},"6":{"start":{"line":7,"column":0},"end":{"line":7,"column":35}},"8":{"start":{"line":9,"column":0},"end":{"line":9,"column":25}},"9":{"start":{"line":10,"column":0},"end":{"line":10,"column":25}},"10":{"start":{"line":11,"column":0},"end":{"line":11,"column":25}},"11":{"start":{"line":12,"column":0},"end":{"line":12,"column":22}},"12":{"start":{"line":13,"column":0},"end":{"line":13,"column":44}},"13":{"start":{"line":14,"column":0},"end":{"line":14,"column":3}},"14":{"start":{"line":15,"column":0},"end":{"line":15,"column":14}},"15":{"start":{"line":16,"column":0},"end":{"line":16,"column":27}},"16":{"start":{"line":17,"column":0},"end":{"line":17,"column":44}},"17":{"start":{"line":18,"column":0},"end":{"line":18,"column":6}},"18":{"start":{"line":19,"column":0},"end":{"line":19,"column":12}},"19":{"start":{"line":20,"column":0},"end":{"line":20,"column":51}},"20":{"start":{"line":21,"column":0},"end":{"line":21,"column":105}},"21":{"start":{"line":22,"column":0},"end":{"line":22,"column":54}},"23":{"start":{"line":24,"column":0},"end":{"line":24,"column":30}},"24":{"start":{"line":25,"column":0},"end":{"line":25,"column":50}},"25":{"start":{"line":26,"column":0},"end":{"line":26,"column":40}},"26":{"start":{"line":27,"column":0},"end":{"line":27,"column":16}},"27":{"start":{"line":28,"column":0},"end":{"line":28,"column":9}},"28":{"start":{"line":29,"column":0},"end":{"line":29,"column":22}},"29":{"start":{"line":30,"column":0},"end":{"line":30,"column":34}},"30":{"start":{"line":31,"column":0},"end":{"line":31,"column":29}},"31":{"start":{"line":32,"column":0},"end":{"line":32,"column":34}},"32":{"start":{"line":33,"column":0},"end":{"line":33,"column":10}},"33":{"start":{"line":34,"column":0},"end":{"line":34,"column":8}},"35":{"start":{"line":36,"column":0},"end":{"line":36,"column":28}},"36":{"start":{"line":37,"column":0},"end":{"line":37,"column":23}},"37":{"start":{"line":38,"column":0},"end":{"line":38,"column":16}},"38":{"start":{"line":39,"column":0},"end":{"line":39,"column":9}},"39":{"start":{"line":40,"column":0},"end":{"line":40,"column":19}},"40":{"start":{"line":41,"column":0},"end":{"line":41,"column":22}},"41":{"start":{"line":42,"column":0},"end":{"line":42,"column":23}},"42":{"start":{"line":43,"column":0},"end":{"line":43,"column":23}},"43":{"start":{"line":44,"column":0},"end":{"line":44,"column":21}},"44":{"start":{"line":45,"column":0},"end":{"line":45,"column":22}},"45":{"start":{"line":46,"column":0},"end":{"line":46,"column":20}},"46":{"start":{"line":47,"column":0},"end":{"line":47,"column":21}},"47":{"start":{"line":48,"column":0},"end":{"line":48,"column":19}},"48":{"start":{"line":49,"column":0},"end":{"line":49,"column":12}},"49":{"start":{"line":50,"column":0},"end":{"line":50,"column":39}},"50":{"start":{"line":51,"column":0},"end":{"line":51,"column":63}},"51":{"start":{"line":52,"column":0},"end":{"line":52,"column":40}},"52":{"start":{"line":53,"column":0},"end":{"line":53,"column":10}},"53":{"start":{"line":54,"column":0},"end":{"line":54,"column":8}},"54":{"start":{"line":55,"column":0},"end":{"line":55,"column":38}},"55":{"start":{"line":56,"column":0},"end":{"line":56,"column":6}},"56":{"start":{"line":57,"column":0},"end":{"line":57,"column":15}},"57":{"start":{"line":58,"column":0},"end":{"line":58,"column":25}},"58":{"start":{"line":59,"column":0},"end":{"line":59,"column":53}},"59":{"start":{"line":60,"column":0},"end":{"line":60,"column":8}},"60":{"start":{"line":61,"column":0},"end":{"line":61,"column":26}},"61":{"start":{"line":62,"column":0},"end":{"line":62,"column":21}},"62":{"start":{"line":63,"column":0},"end":{"line":63,"column":31}},"63":{"start":{"line":64,"column":0},"end":{"line":64,"column":50}},"64":{"start":{"line":65,"column":0},"end":{"line":65,"column":10}},"65":{"start":{"line":66,"column":0},"end":{"line":66,"column":8}},"66":{"start":{"line":67,"column":0},"end":{"line":67,"column":6}},"67":{"start":{"line":68,"column":0},"end":{"line":68,"column":4}},"68":{"start":{"line":69,"column":0},"end":{"line":69,"column":3}},"69":{"start":{"line":70,"column":0},"end":{"line":70,"column":14}},"70":{"start":{"line":71,"column":0},"end":{"line":71,"column":16}},"71":{"start":{"line":72,"column":0},"end":{"line":72,"column":21}},"72":{"start":{"line":73,"column":0},"end":{"line":73,"column":24}},"73":{"start":{"line":74,"column":0},"end":{"line":74,"column":18}},"74":{"start":{"line":75,"column":0},"end":{"line":75,"column":19}},"75":{"start":{"line":76,"column":0},"end":{"line":76,"column":26}},"76":{"start":{"line":77,"column":0},"end":{"line":77,"column":28}},"77":{"start":{"line":78,"column":0},"end":{"line":78,"column":41}},"78":{"start":{"line":79,"column":0},"end":{"line":79,"column":23}},"79":{"start":{"line":80,"column":0},"end":{"line":80,"column":17}},"80":{"start":{"line":81,"column":0},"end":{"line":81,"column":6}},"81":{"start":{"line":82,"column":0},"end":{"line":82,"column":4}},"82":{"start":{"line":83,"column":0},"end":{"line":83,"column":2}}},"s":{"0":0,"1":0,"2":0,"3":0,"4":0,"5":0,"6":0,"8":0,"9":0,"10":0,"11":0,"12":0,"13":0,"14":0,"15":0,"16":0,"17":0,"18":0,"19":0,"20":0,"21":0,"23":0,"24":0,"25":0,"26":0,"27":0,"28":0,"29":0,"30":0,"31":0,"32":0,"33":0,"35":0,"36":0,"37":0,"38":0,"39":0,"40":0,"41":0,"42":0,"43":0,"44":0,"45":0,"46":0,"47":0,"48":0,"49":0,"50":0,"51":0,"52":0,"53":0,"54":0,"55":0,"56":0,"57":0,"58":0,"59":0,"60":0,"61":0,"62":0,"63":0,"64":0,"65":0,"66":0,"67":0,"68":0,"69":0,"70":0,"71":0,"72":0,"73":0,"74":0,"75":0,"76":0,"77":0,"78":0,"79":0,"80":0,"81":0,"82":0},"branchMap":{"0":{"type":"branch","line":1,"loc":{"start":{"line":1,"column":20},"end":{"line":83,"column":-531}},"locations":[{"start":{"line":1,"column":20},"end":{"line":83,"column":-531}}]}},"b":{"0":[0]},"fnMap":{"0":{"name":"(empty-report)","decl":{"start":{"line":1,"column":20},"end":{"line":83,"column":-531}},"loc":{"start":{"line":1,"column":20},"end":{"line":83,"column":-531}},"line":1}},"f":{"0":0}}
,"/Users/benhouston/Coding/Business/mcp-server-text-editor/vitest.config.ts": {"path":"/Users/benhouston/Coding/Business/mcp-server-text-editor/vitest.config.ts","all":true,"statementMap":{"0":{"start":{"line":1,"column":0},"end":{"line":1,"column":44}},"2":{"start":{"line":3,"column":0},"end":{"line":3,"column":29}},"3":{"start":{"line":4,"column":0},"end":{"line":4,"column":9}},"4":{"start":{"line":5,"column":0},"end":{"line":5,"column":18}},"5":{"start":{"line":6,"column":0},"end":{"line":6,"column":24}},"6":{"start":{"line":7,"column":0},"end":{"line":7,"column":15}},"7":{"start":{"line":8,"column":0},"end":{"line":8,"column":21}},"8":{"start":{"line":9,"column":0},"end":{"line":9,"column":41}},"9":{"start":{"line":10,"column":0},"end":{"line":10,"column":65}},"10":{"start":{"line":11,"column":0},"end":{"line":11,"column":5}},"11":{"start":{"line":12,"column":0},"end":{"line":12,"column":3}},"12":{"start":{"line":13,"column":0},"end":{"line":13,"column":2}}},"s":{"0":0,"2":0,"3":0,"4":0,"5":0,"6":0,"7":0,"8":0,"9":0,"10":0,"11":0,"12":0},"branchMap":{"0":{"type":"branch","line":1,"loc":{"start":{"line":1,"column":0},"end":{"line":13,"column":-102}},"locations":[{"start":{"line":1,"column":0},"end":{"line":13,"column":-102}}]}},"b":{"0":[0]},"fnMap":{"0":{"name":"(empty-report)","decl":{"start":{"line":1,"column":0},"end":{"line":13,"column":-102}},"loc":{"start":{"line":1,"column":0},"end":{"line":13,"column":-102}},"line":1}},"f":{"0":0}}
,"/Users/benhouston/Coding/Business/mcp-server-text-editor/src/index.ts": {"path":"/Users/benhouston/Coding/Business/mcp-server-text-editor/src/index.ts","all":true,"statementMap":{"0":{"start":{"line":1,"column":0},"end":{"line":1,"column":68}},"1":{"start":{"line":2,"column":0},"end":{"line":2,"column":81}},"3":{"start":{"line":4,"column":0},"end":{"line":4,"column":57}},"4":{"start":{"line":5,"column":0},"end":{"line":5,"column":74}},"7":{"start":{"line":8,"column":0},"end":{"line":8,"column":37}},"8":{"start":{"line":9,"column":0},"end":{"line":9,"column":30}},"9":{"start":{"line":10,"column":0},"end":{"line":10,"column":26}},"10":{"start":{"line":11,"column":0},"end":{"line":11,"column":32}},"11":{"start":{"line":12,"column":0},"end":{"line":12,"column":3}},"13":{"start":{"line":14,"column":0},"end":{"line":14,"column":12}},"14":{"start":{"line":15,"column":0},"end":{"line":15,"column":16}},"15":{"start":{"line":16,"column":0},"end":{"line":16,"column":145}},"16":{"start":{"line":17,"column":0},"end":{"line":17,"column":17}},"17":{"start":{"line":18,"column":0},"end":{"line":18,"column":20}},"18":{"start":{"line":19,"column":0},"end":{"line":19,"column":2}},"20":{"start":{"line":21,"column":0},"end":{"line":21,"column":23}},"21":{"start":{"line":22,"column":0},"end":{"line":22,"column":47}},"22":{"start":{"line":23,"column":0},"end":{"line":23,"column":34}},"23":{"start":{"line":24,"column":0},"end":{"line":24,"column":16}},"24":{"start":{"line":25,"column":0},"end":{"line":25,"column":78}},"25":{"start":{"line":26,"column":0},"end":{"line":26,"column":4}},"26":{"start":{"line":27,"column":0},"end":{"line":27,"column":1}},"28":{"start":{"line":29,"column":0},"end":{"line":29,"column":25}},"29":{"start":{"line":30,"column":0},"end":{"line":30,"column":49}},"30":{"start":{"line":31,"column":0},"end":{"line":31,"column":18}},"31":{"start":{"line":32,"column":0},"end":{"line":32,"column":3}}},"s":{"0":0,"1":0,"3":0,"4":0,"7":0,"8":0,"9":0,"10":0,"11":0,"13":0,"14":0,"15":0,"16":0,"17":0,"18":0,"20":0,"21":0,"22":0,"23":0,"24":0,"25":0,"26":0,"28":0,"29":0,"30":0,"31":0},"branchMap":{"0":{"type":"branch","line":1,"loc":{"start":{"line":1,"column":0},"end":{"line":32,"column":-291}},"locations":[{"start":{"line":1,"column":0},"end":{"line":32,"column":-291}}]}},"b":{"0":[0]},"fnMap":{"0":{"name":"(empty-report)","decl":{"start":{"line":1,"column":0},"end":{"line":32,"column":-291}},"loc":{"start":{"line":1,"column":0},"end":{"line":32,"column":-291}},"line":1}},"f":{"0":0}}
,"/Users/benhouston/Coding/Business/mcp-server-text-editor/src/lib/getPackageInfo.ts": {"path":"/Users/benhouston/Coding/Business/mcp-server-text-editor/src/lib/getPackageInfo.ts","all":false,"statementMap":{"0":{"start":{"line":1,"column":0},"end":{"line":1,"column":39}},"4":{"start":{"line":5,"column":0},"end":{"line":5,"column":47}},"5":{"start":{"line":6,"column":0},"end":{"line":6,"column":49}},"6":{"start":{"line":7,"column":0},"end":{"line":7,"column":54}},"7":{"start":{"line":8,"column":0},"end":{"line":8,"column":1}}},"s":{"0":1,"4":1,"5":1,"6":1,"7":1},"branchMap":{"0":{"type":"branch","line":5,"loc":{"start":{"line":5,"column":7},"end":{"line":8,"column":1}},"locations":[{"start":{"line":5,"column":7},"end":{"line":8,"column":1}}]}},"b":{"0":[1]},"fnMap":{"0":{"name":"getPackageJson","decl":{"start":{"line":5,"column":7},"end":{"line":8,"column":1}},"loc":{"start":{"line":5,"column":7},"end":{"line":8,"column":1}},"line":5}},"f":{"0":1}}
,"/Users/benhouston/Coding/Business/mcp-server-text-editor/src/tools/textEditor.ts": {"path":"/Users/benhouston/Coding/Business/mcp-server-text-editor/src/tools/textEditor.ts","all":false,"statementMap":{"0":{"start":{"line":1,"column":0},"end":{"line":1,"column":41}},"1":{"start":{"line":2,"column":0},"end":{"line":2,"column":29}},"2":{"start":{"line":3,"column":0},"end":{"line":3,"column":34}},"3":{"start":{"line":4,"column":0},"end":{"line":4,"column":29}},"5":{"start":{"line":6,"column":0},"end":{"line":6,"column":24}},"7":{"start":{"line":8,"column":0},"end":{"line":8,"column":45}},"10":{"start":{"line":11,"column":0},"end":{"line":11,"column":54}},"12":{"start":{"line":13,"column":0},"end":{"line":13,"column":31}},"13":{"start":{"line":14,"column":0},"end":{"line":14,"column":12}},"14":{"start":{"line":15,"column":0},"end":{"line":15,"column":67}},"15":{"start":{"line":16,"column":0},"end":{"line":16,"column":14}},"16":{"start":{"line":17,"column":0},"end":{"line":17,"column":106}},"17":{"start":{"line":18,"column":0},"end":{"line":18,"column":6}},"18":{"start":{"line":19,"column":0},"end":{"line":19,"column":9}},"19":{"start":{"line":20,"column":0},"end":{"line":20,"column":13}},"20":{"start":{"line":21,"column":0},"end":{"line":21,"column":14}},"21":{"start":{"line":22,"column":0},"end":{"line":22,"column":77}},"22":{"start":{"line":23,"column":0},"end":{"line":23,"column":6}},"23":{"start":{"line":24,"column":0},"end":{"line":24,"column":14}},"24":{"start":{"line":25,"column":0},"end":{"line":25,"column":13}},"25":{"start":{"line":26,"column":0},"end":{"line":26,"column":15}},"26":{"start":{"line":27,"column":0},"end":{"line":27,"column":14}},"27":{"start":{"line":28,"column":0},"end":{"line":28,"column":92}},"28":{"start":{"line":29,"column":0},"end":{"line":29,"column":6}},"29":{"start":{"line":30,"column":0},"end":{"line":30,"column":16}},"30":{"start":{"line":31,"column":0},"end":{"line":31,"column":13}},"31":{"start":{"line":32,"column":0},"end":{"line":32,"column":15}},"32":{"start":{"line":33,"column":0},"end":{"line":33,"column":14}},"33":{"start":{"line":34,"column":0},"end":{"line":34,"column":119}},"34":{"start":{"line":35,"column":0},"end":{"line":35,"column":6}},"35":{"start":{"line":36,"column":0},"end":{"line":36,"column":12}},"36":{"start":{"line":37,"column":0},"end":{"line":37,"column":13}},"37":{"start":{"line":38,"column":0},"end":{"line":38,"column":15}},"38":{"start":{"line":39,"column":0},"end":{"line":39,"column":14}},"39":{"start":{"line":40,"column":0},"end":{"line":40,"column":191}},"40":{"start":{"line":41,"column":0},"end":{"line":41,"column":6}},"41":{"start":{"line":42,"column":0},"end":{"line":42,"column":12}},"42":{"start":{"line":43,"column":0},"end":{"line":43,"column":13}},"43":{"start":{"line":44,"column":0},"end":{"line":44,"column":15}},"44":{"start":{"line":45,"column":0},"end":{"line":45,"column":14}},"45":{"start":{"line":46,"column":0},"end":{"line":46,"column":96}},"46":{"start":{"line":47,"column":0},"end":{"line":47,"column":6}},"47":{"start":{"line":48,"column":0},"end":{"line":48,"column":15}},"48":{"start":{"line":49,"column":0},"end":{"line":49,"column":22}},"49":{"start":{"line":50,"column":0},"end":{"line":50,"column":15}},"50":{"start":{"line":51,"column":0},"end":{"line":51,"column":14}},"51":{"start":{"line":52,"column":0},"end":{"line":52,"column":339}},"52":{"start":{"line":53,"column":0},"end":{"line":53,"column":6}},"53":{"start":{"line":54,"column":0},"end":{"line":54,"column":16}},"54":{"start":{"line":55,"column":0},"end":{"line":55,"column":13}},"55":{"start":{"line":56,"column":0},"end":{"line":56,"column":73}},"56":{"start":{"line":57,"column":0},"end":{"line":57,"column":2}},"59":{"start":{"line":60,"column":0},"end":{"line":60,"column":49}},"61":{"start":{"line":62,"column":0},"end":{"line":62,"column":31}},"62":{"start":{"line":63,"column":0},"end":{"line":63,"column":23}},"63":{"start":{"line":64,"column":0},"end":{"line":64,"column":22}},"64":{"start":{"line":65,"column":0},"end":{"line":65,"column":33}},"65":{"start":{"line":66,"column":0},"end":{"line":66,"column":3}},"77":{"start":{"line":78,"column":0},"end":{"line":78,"column":71}},"78":{"start":{"line":79,"column":0},"end":{"line":79,"column":10}},"79":{"start":{"line":80,"column":0},"end":{"line":80,"column":14}},"80":{"start":{"line":81,"column":0},"end":{"line":81,"column":7}},"81":{"start":{"line":82,"column":0},"end":{"line":82,"column":21}},"82":{"start":{"line":83,"column":0},"end":{"line":83,"column":37}},"83":{"start":{"line":84,"column":0},"end":{"line":84,"column":8}},"84":{"start":{"line":85,"column":0},"end":{"line":85,"column":6}},"85":{"start":{"line":86,"column":0},"end":{"line":86,"column":4}},"86":{"start":{"line":87,"column":0},"end":{"line":87,"column":2}},"88":{"start":{"line":89,"column":0},"end":{"line":89,"column":40}},"89":{"start":{"line":90,"column":0},"end":{"line":90,"column":25}},"90":{"start":{"line":91,"column":0},"end":{"line":91,"column":32}},"91":{"start":{"line":92,"column":0},"end":{"line":92,"column":7}},"92":{"start":{"line":93,"column":0},"end":{"line":93,"column":56}},"93":{"start":{"line":94,"column":0},"end":{"line":94,"column":40}},"94":{"start":{"line":95,"column":0},"end":{"line":95,"column":19}},"95":{"start":{"line":96,"column":0},"end":{"line":96,"column":33}},"96":{"start":{"line":97,"column":0},"end":{"line":97,"column":21}},"97":{"start":{"line":98,"column":0},"end":{"line":98,"column":72}},"98":{"start":{"line":99,"column":0},"end":{"line":99,"column":27}},"99":{"start":{"line":100,"column":0},"end":{"line":100,"column":7}},"100":{"start":{"line":101,"column":0},"end":{"line":101,"column":3}},"101":{"start":{"line":102,"column":0},"end":{"line":102,"column":2}},"103":{"start":{"line":104,"column":0},"end":{"line":104,"column":35}},"104":{"start":{"line":105,"column":0},"end":{"line":105,"column":10}},"105":{"start":{"line":106,"column":0},"end":{"line":106,"column":17}},"106":{"start":{"line":107,"column":0},"end":{"line":107,"column":12}},"107":{"start":{"line":108,"column":0},"end":{"line":108,"column":14}},"108":{"start":{"line":109,"column":0},"end":{"line":109,"column":10}},"109":{"start":{"line":110,"column":0},"end":{"line":110,"column":10}},"110":{"start":{"line":111,"column":0},"end":{"line":111,"column":13}},"111":{"start":{"line":112,"column":0},"end":{"line":112,"column":40}},"112":{"start":{"line":113,"column":0},"end":{"line":113,"column":35}},"113":{"start":{"line":114,"column":0},"end":{"line":114,"column":45}},"114":{"start":{"line":115,"column":0},"end":{"line":115,"column":3}},"116":{"start":{"line":117,"column":0},"end":{"line":117,"column":20}},"117":{"start":{"line":118,"column":0},"end":{"line":118,"column":18}},"119":{"start":{"line":120,"column":0},"end":{"line":120,"column":62}},"120":{"start":{"line":121,"column":0},"end":{"line":121,"column":19}},"121":{"start":{"line":122,"column":0},"end":{"line":122,"column":68}},"122":{"start":{"line":123,"column":0},"end":{"line":123,"column":7}},"124":{"start":{"line":125,"column":0},"end":{"line":125,"column":32}},"126":{"start":{"line":127,"column":0},"end":{"line":127,"column":13}},"127":{"start":{"line":128,"column":0},"end":{"line":128,"column":34}},"128":{"start":{"line":129,"column":0},"end":{"line":129,"column":80}},"129":{"start":{"line":130,"column":0},"end":{"line":130,"column":33}},"130":{"start":{"line":131,"column":0},"end":{"line":131,"column":12}},"131":{"start":{"line":132,"column":0},"end":{"line":132,"column":18}},"132":{"start":{"line":133,"column":0},"end":{"line":133,"column":26}},"133":{"start":{"line":134,"column":0},"end":{"line":134,"column":58}},"134":{"start":{"line":135,"column":0},"end":{"line":135,"column":28}},"135":{"start":{"line":136,"column":0},"end":{"line":136,"column":12}},"136":{"start":{"line":137,"column":0},"end":{"line":137,"column":25}},"137":{"start":{"line":138,"column":0},"end":{"line":138,"column":63}},"138":{"start":{"line":139,"column":0},"end":{"line":139,"column":9}},"139":{"start":{"line":140,"column":0},"end":{"line":140,"column":14}},"141":{"start":{"line":142,"column":0},"end":{"line":142,"column":60}},"142":{"start":{"line":143,"column":0},"end":{"line":143,"column":42}},"145":{"start":{"line":146,"column":0},"end":{"line":146,"column":37}},"146":{"start":{"line":147,"column":0},"end":{"line":147,"column":52}},"147":{"start":{"line":148,"column":0},"end":{"line":148,"column":42}},"148":{"start":{"line":149,"column":0},"end":{"line":149,"column":80}},"149":{"start":{"line":150,"column":0},"end":{"line":150,"column":58}},"150":{"start":{"line":151,"column":0},"end":{"line":151,"column":70}},"151":{"start":{"line":152,"column":0},"end":{"line":152,"column":9}},"154":{"start":{"line":155,"column":0},"end":{"line":155,"column":28}},"155":{"start":{"line":156,"column":0},"end":{"line":156,"column":68}},"156":{"start":{"line":157,"column":0},"end":{"line":157,"column":46}},"157":{"start":{"line":158,"column":0},"end":{"line":158,"column":22}},"158":{"start":{"line":159,"column":0},"end":{"line":159,"column":66}},"159":{"start":{"line":160,"column":0},"end":{"line":160,"column":22}},"162":{"start":{"line":163,"column":0},"end":{"line":163,"column":52}},"163":{"start":{"line":164,"column":0},"end":{"line":164,"column":78}},"164":{"start":{"line":165,"column":0},"end":{"line":165,"column":18}},"165":{"start":{"line":166,"column":0},"end":{"line":166,"column":26}},"166":{"start":{"line":167,"column":0},"end":{"line":167,"column":49}},"167":{"start":{"line":168,"column":0},"end":{"line":168,"column":63}},"168":{"start":{"line":169,"column":0},"end":{"line":169,"column":12}},"169":{"start":{"line":170,"column":0},"end":{"line":170,"column":9}},"171":{"start":{"line":172,"column":0},"end":{"line":172,"column":16}},"172":{"start":{"line":173,"column":0},"end":{"line":173,"column":24}},"173":{"start":{"line":174,"column":0},"end":{"line":174,"column":35}},"174":{"start":{"line":175,"column":0},"end":{"line":175,"column":35}},"175":{"start":{"line":176,"column":0},"end":{"line":176,"column":10}},"176":{"start":{"line":177,"column":0},"end":{"line":177,"column":7}},"177":{"start":{"line":178,"column":0},"end":{"line":178,"column":5}},"179":{"start":{"line":180,"column":0},"end":{"line":180,"column":20}},"180":{"start":{"line":181,"column":0},"end":{"line":181,"column":23}},"181":{"start":{"line":182,"column":0},"end":{"line":182,"column":78}},"182":{"start":{"line":183,"column":0},"end":{"line":183,"column":7}},"185":{"start":{"line":186,"column":0},"end":{"line":186,"column":66}},"188":{"start":{"line":189,"column":0},"end":{"line":189,"column":53}},"190":{"start":{"line":191,"column":0},"end":{"line":191,"column":23}},"192":{"start":{"line":193,"column":0},"end":{"line":193,"column":67}},"193":{"start":{"line":194,"column":0},"end":{"line":194,"column":42}},"194":{"start":{"line":195,"column":0},"end":{"line":195,"column":42}},"195":{"start":{"line":196,"column":0},"end":{"line":196,"column":9}},"196":{"start":{"line":197,"column":0},"end":{"line":197,"column":56}},"197":{"start":{"line":198,"column":0},"end":{"line":198,"column":14}},"199":{"start":{"line":200,"column":0},"end":{"line":200,"column":40}},"200":{"start":{"line":201,"column":0},"end":{"line":201,"column":7}},"203":{"start":{"line":204,"column":0},"end":{"line":204,"column":54}},"205":{"start":{"line":206,"column":0},"end":{"line":206,"column":14}},"206":{"start":{"line":207,"column":0},"end":{"line":207,"column":22}},"207":{"start":{"line":208,"column":0},"end":{"line":208,"column":27}},"208":{"start":{"line":209,"column":0},"end":{"line":209,"column":43}},"209":{"start":{"line":210,"column":0},"end":{"line":210,"column":40}},"210":{"start":{"line":211,"column":0},"end":{"line":211,"column":8}},"211":{"start":{"line":212,"column":0},"end":{"line":212,"column":5}},"213":{"start":{"line":214,"column":0},"end":{"line":214,"column":25}},"214":{"start":{"line":215,"column":0},"end":{"line":215,"column":21}},"215":{"start":{"line":216,"column":0},"end":{"line":216,"column":24}},"216":{"start":{"line":217,"column":0},"end":{"line":217,"column":66}},"217":{"start":{"line":218,"column":0},"end":{"line":218,"column":10}},"218":{"start":{"line":219,"column":0},"end":{"line":219,"column":7}},"221":{"start":{"line":222,"column":0},"end":{"line":222,"column":41}},"222":{"start":{"line":223,"column":0},"end":{"line":223,"column":55}},"223":{"start":{"line":224,"column":0},"end":{"line":224,"column":7}},"226":{"start":{"line":227,"column":0},"end":{"line":227,"column":58}},"229":{"start":{"line":230,"column":0},"end":{"line":230,"column":60}},"230":{"start":{"line":231,"column":0},"end":{"line":231,"column":30}},"231":{"start":{"line":232,"column":0},"end":{"line":232,"column":75}},"232":{"start":{"line":233,"column":0},"end":{"line":233,"column":7}},"233":{"start":{"line":234,"column":0},"end":{"line":234,"column":28}},"234":{"start":{"line":235,"column":0},"end":{"line":235,"column":24}},"235":{"start":{"line":236,"column":0},"end":{"line":236,"column":76}},"236":{"start":{"line":237,"column":0},"end":{"line":237,"column":10}},"237":{"start":{"line":238,"column":0},"end":{"line":238,"column":7}},"240":{"start":{"line":241,"column":0},"end":{"line":241,"column":40}},"241":{"start":{"line":242,"column":0},"end":{"line":242,"column":40}},"242":{"start":{"line":243,"column":0},"end":{"line":243,"column":7}},"243":{"start":{"line":244,"column":0},"end":{"line":244,"column":47}},"246":{"start":{"line":247,"column":0},"end":{"line":247,"column":69}},"247":{"start":{"line":248,"column":0},"end":{"line":248,"column":59}},"249":{"start":{"line":250,"column":0},"end":{"line":250,"column":14}},"250":{"start":{"line":251,"column":0},"end":{"line":251,"column":22}},"251":{"start":{"line":252,"column":0},"end":{"line":252,"column":61}},"252":{"start":{"line":253,"column":0},"end":{"line":253,"column":8}},"253":{"start":{"line":254,"column":0},"end":{"line":254,"column":5}},"255":{"start":{"line":256,"column":0},"end":{"line":256,"column":20}},"256":{"start":{"line":257,"column":0},"end":{"line":257,"column":38}},"257":{"start":{"line":258,"column":0},"end":{"line":258,"column":80}},"258":{"start":{"line":259,"column":0},"end":{"line":259,"column":7}},"260":{"start":{"line":261,"column":0},"end":{"line":261,"column":21}},"261":{"start":{"line":262,"column":0},"end":{"line":262,"column":76}},"262":{"start":{"line":263,"column":0},"end":{"line":263,"column":7}},"265":{"start":{"line":266,"column":0},"end":{"line":266,"column":41}},"266":{"start":{"line":267,"column":0},"end":{"line":267,"column":55}},"267":{"start":{"line":268,"column":0},"end":{"line":268,"column":7}},"270":{"start":{"line":271,"column":0},"end":{"line":271,"column":58}},"271":{"start":{"line":272,"column":0},"end":{"line":272,"column":40}},"274":{"start":{"line":275,"column":0},"end":{"line":275,"column":58}},"275":{"start":{"line":276,"column":0},"end":{"line":276,"column":24}},"276":{"start":{"line":277,"column":0},"end":{"line":277,"column":81}},"277":{"start":{"line":278,"column":0},"end":{"line":278,"column":10}},"278":{"start":{"line":279,"column":0},"end":{"line":279,"column":7}},"281":{"start":{"line":282,"column":0},"end":{"line":282,"column":40}},"282":{"start":{"line":283,"column":0},"end":{"line":283,"column":40}},"283":{"start":{"line":284,"column":0},"end":{"line":284,"column":7}},"284":{"start":{"line":285,"column":0},"end":{"line":285,"column":47}},"287":{"start":{"line":288,"column":0},"end":{"line":288,"column":44}},"288":{"start":{"line":289,"column":0},"end":{"line":289,"column":46}},"289":{"start":{"line":290,"column":0},"end":{"line":290,"column":59}},"291":{"start":{"line":292,"column":0},"end":{"line":292,"column":14}},"292":{"start":{"line":293,"column":0},"end":{"line":293,"column":22}},"293":{"start":{"line":294,"column":0},"end":{"line":294,"column":87}},"294":{"start":{"line":295,"column":0},"end":{"line":295,"column":8}},"295":{"start":{"line":296,"column":0},"end":{"line":296,"column":5}},"297":{"start":{"line":298,"column":0},"end":{"line":298,"column":23}},"299":{"start":{"line":300,"column":0},"end":{"line":300,"column":10}},"300":{"start":{"line":301,"column":0},"end":{"line":301,"column":38}},"301":{"start":{"line":302,"column":0},"end":{"line":302,"column":47}},"302":{"start":{"line":303,"column":0},"end":{"line":303,"column":9}},"303":{"start":{"line":304,"column":0},"end":{"line":304,"column":65}},"304":{"start":{"line":305,"column":0},"end":{"line":305,"column":7}},"307":{"start":{"line":308,"column":0},"end":{"line":308,"column":61}},"308":{"start":{"line":309,"column":0},"end":{"line":309,"column":68}},"310":{"start":{"line":311,"column":0},"end":{"line":311,"column":14}},"311":{"start":{"line":312,"column":0},"end":{"line":312,"column":22}},"312":{"start":{"line":313,"column":0},"end":{"line":313,"column":66}},"313":{"start":{"line":314,"column":0},"end":{"line":314,"column":8}},"314":{"start":{"line":315,"column":0},"end":{"line":315,"column":5}},"316":{"start":{"line":317,"column":0},"end":{"line":317,"column":12}},"317":{"start":{"line":318,"column":0},"end":{"line":318,"column":53}},"318":{"start":{"line":319,"column":0},"end":{"line":319,"column":3}},"319":{"start":{"line":320,"column":0},"end":{"line":320,"column":2}}},"s":{"0":1,"1":1,"2":1,"3":1,"5":1,"7":1,"10":1,"12":1,"13":1,"14":1,"15":1,"16":1,"17":1,"18":1,"19":1,"20":1,"21":1,"22":1,"23":1,"24":1,"25":1,"26":1,"27":1,"28":1,"29":1,"30":1,"31":1,"32":1,"33":1,"34":1,"35":1,"36":1,"37":1,"38":1,"39":1,"40":1,"41":1,"42":1,"43":1,"44":1,"45":1,"46":1,"47":1,"48":1,"49":1,"50":1,"51":1,"52":1,"53":1,"54":1,"55":1,"56":1,"59":1,"61":1,"62":1,"63":1,"64":1,"65":1,"77":1,"78":21,"79":21,"80":21,"81":21,"82":21,"83":21,"84":21,"85":21,"86":21,"88":1,"89":21,"90":21,"91":21,"92":21,"93":9,"94":21,"95":12,"96":12,"97":12,"98":12,"99":12,"100":12,"101":21,"103":1,"104":21,"105":21,"106":21,"107":21,"108":21,"109":21,"110":21,"111":21,"112":21,"113":1,"114":1,"116":20,"117":21,"119":4,"120":4,"121":1,"122":1,"124":4,"126":1,"127":1,"128":1,"129":1,"130":1,"131":1,"132":1,"133":1,"134":1,"135":1,"136":1,"137":0,"138":0,"139":4,"141":2,"142":2,"145":2,"146":2,"147":1,"148":1,"149":1,"150":1,"151":1,"154":2,"155":2,"156":2,"157":2,"158":2,"159":2,"162":2,"163":0,"164":0,"165":0,"166":0,"167":0,"168":0,"169":0,"171":2,"172":2,"173":2,"174":2,"175":2,"176":2,"177":4,"179":21,"180":3,"181":1,"182":1,"185":2,"188":2,"190":3,"192":1,"193":1,"194":1,"195":1,"196":1,"197":1,"199":1,"200":1,"203":2,"205":2,"206":2,"207":2,"208":1,"209":1,"210":3,"211":3,"213":21,"214":6,"215":1,"216":1,"217":1,"218":1,"221":6,"222":1,"223":1,"226":4,"229":4,"230":6,"231":1,"232":1,"233":6,"234":1,"235":1,"236":1,"237":1,"240":6,"241":0,"242":0,"243":2,"246":6,"247":6,"249":2,"250":2,"251":2,"252":2,"253":2,"255":21,"256":4,"257":1,"258":1,"260":4,"261":1,"262":1,"265":4,"266":0,"267":0,"270":2,"271":2,"274":4,"275":1,"276":1,"277":1,"278":1,"281":4,"282":0,"283":0,"284":1,"287":1,"288":1,"289":1,"291":1,"292":1,"293":1,"294":1,"295":1,"297":21,"299":2,"300":2,"301":1,"302":2,"303":1,"304":1,"307":1,"308":1,"310":1,"311":1,"312":1,"313":1,"314":1,"316":21,"317":1,"318":21,"319":21},"branchMap":{"0":{"type":"branch","line":78,"loc":{"start":{"line":78,"column":29},"end":{"line":87,"column":2}},"locations":[{"start":{"line":78,"column":29},"end":{"line":87,"column":2}}]},"1":{"type":"branch","line":89,"loc":{"start":{"line":89,"column":33},"end":{"line":102,"column":2}},"locations":[{"start":{"line":89,"column":33},"end":{"line":102,"column":2}}]},"2":{"type":"branch","line":93,"loc":{"start":{"line":93,"column":54},"end":{"line":95,"column":11}},"locations":[{"start":{"line":93,"column":54},"end":{"line":95,"column":11}}]},"3":{"type":"branch","line":95,"loc":{"start":{"line":95,"column":2},"end":{"line":101,"column":3}},"locations":[{"start":{"line":95,"column":2},"end":{"line":101,"column":3}}]},"4":{"type":"branch","line":98,"loc":{"start":{"line":98,"column":46},"end":{"line":98,"column":72}},"locations":[{"start":{"line":98,"column":46},"end":{"line":98,"column":72}}]},"5":{"type":"branch","line":104,"loc":{"start":{"line":104,"column":27},"end":{"line":320,"column":2}},"locations":[{"start":{"line":104,"column":27},"end":{"line":320,"column":2}}]},"6":{"type":"branch","line":113,"loc":{"start":{"line":113,"column":34},"end":{"line":115,"column":3}},"locations":[{"start":{"line":113,"column":34},"end":{"line":115,"column":3}}]},"7":{"type":"branch","line":115,"loc":{"start":{"line":115,"column":2},"end":{"line":117,"column":20}},"locations":[{"start":{"line":115,"column":2},"end":{"line":117,"column":20}}]},"8":{"type":"branch","line":118,"loc":{"start":{"line":118,"column":4},"end":{"line":178,"column":5}},"locations":[{"start":{"line":118,"column":4},"end":{"line":178,"column":5}}]},"9":{"type":"branch","line":121,"loc":{"start":{"line":121,"column":18},"end":{"line":123,"column":7}},"locations":[{"start":{"line":121,"column":18},"end":{"line":123,"column":7}}]},"10":{"type":"branch","line":123,"loc":{"start":{"line":123,"column":6},"end":{"line":125,"column":31}},"locations":[{"start":{"line":123,"column":6},"end":{"line":125,"column":31}}]},"11":{"type":"branch","line":125,"loc":{"start":{"line":125,"column":31},"end":{"line":140,"column":13}},"locations":[{"start":{"line":125,"column":31},"end":{"line":140,"column":13}}]},"12":{"type":"branch","line":137,"loc":{"start":{"line":137,"column":8},"end":{"line":139,"column":9}},"locations":[{"start":{"line":137,"column":8},"end":{"line":139,"column":9}}]},"13":{"type":"branch","line":140,"loc":{"start":{"line":140,"column":6},"end":{"line":177,"column":7}},"locations":[{"start":{"line":140,"column":6},"end":{"line":177,"column":7}}]},"14":{"type":"branch","line":147,"loc":{"start":{"line":147,"column":12},"end":{"line":147,"column":51}},"locations":[{"start":{"line":147,"column":12},"end":{"line":147,"column":51}}]},"15":{"type":"branch","line":147,"loc":{"start":{"line":147,"column":51},"end":{"line":152,"column":9}},"locations":[{"start":{"line":147,"column":51},"end":{"line":152,"column":9}}]},"16":{"type":"branch","line":149,"loc":{"start":{"line":149,"column":40},"end":{"line":149,"column":50}},"locations":[{"start":{"line":149,"column":40},"end":{"line":149,"column":50}}]},"17":{"type":"branch","line":150,"loc":{"start":{"line":150,"column":34},"end":{"line":150,"column":54}},"locations":[{"start":{"line":150,"column":34},"end":{"line":150,"column":54}}]},"18":{"type":"branch","line":156,"loc":{"start":{"line":156,"column":10},"end":{"line":156,"column":50}},"locations":[{"start":{"line":156,"column":10},"end":{"line":156,"column":50}}]},"19":{"type":"branch","line":156,"loc":{"start":{"line":156,"column":46},"end":{"line":156,"column":66}},"locations":[{"start":{"line":156,"column":46},"end":{"line":156,"column":66}}]},"20":{"type":"branch","line":156,"loc":{"start":{"line":156,"column":62},"end":{"line":156,"column":68}},"locations":[{"start":{"line":156,"column":62},"end":{"line":156,"column":68}}]},"21":{"type":"branch","line":163,"loc":{"start":{"line":163,"column":51},"end":{"line":170,"column":9}},"locations":[{"start":{"line":163,"column":51},"end":{"line":170,"column":9}}]},"22":{"type":"branch","line":180,"loc":{"start":{"line":180,"column":4},"end":{"line":212,"column":5}},"locations":[{"start":{"line":180,"column":4},"end":{"line":212,"column":5}}]},"23":{"type":"branch","line":181,"loc":{"start":{"line":181,"column":22},"end":{"line":183,"column":7}},"locations":[{"start":{"line":181,"column":22},"end":{"line":183,"column":7}}]},"24":{"type":"branch","line":183,"loc":{"start":{"line":183,"column":6},"end":{"line":191,"column":22}},"locations":[{"start":{"line":183,"column":6},"end":{"line":191,"column":22}}]},"25":{"type":"branch","line":191,"loc":{"start":{"line":191,"column":22},"end":{"line":201,"column":7}},"locations":[{"start":{"line":191,"column":22},"end":{"line":201,"column":7}}]},"26":{"type":"branch","line":201,"loc":{"start":{"line":201,"column":6},"end":{"line":208,"column":27}},"locations":[{"start":{"line":201,"column":6},"end":{"line":208,"column":27}}]},"27":{"type":"branch","line":208,"loc":{"start":{"line":208,"column":17},"end":{"line":209,"column":43}},"locations":[{"start":{"line":208,"column":17},"end":{"line":209,"column":43}}]},"28":{"type":"branch","line":209,"loc":{"start":{"line":209,"column":41},"end":{"line":210,"column":40}},"locations":[{"start":{"line":209,"column":41},"end":{"line":210,"column":40}}]},"29":{"type":"branch","line":214,"loc":{"start":{"line":214,"column":4},"end":{"line":254,"column":5}},"locations":[{"start":{"line":214,"column":4},"end":{"line":254,"column":5}}]},"30":{"type":"branch","line":215,"loc":{"start":{"line":215,"column":20},"end":{"line":219,"column":7}},"locations":[{"start":{"line":215,"column":20},"end":{"line":219,"column":7}}]},"31":{"type":"branch","line":219,"loc":{"start":{"line":219,"column":6},"end":{"line":222,"column":40}},"locations":[{"start":{"line":219,"column":6},"end":{"line":222,"column":40}}]},"32":{"type":"branch","line":222,"loc":{"start":{"line":222,"column":40},"end":{"line":224,"column":7}},"locations":[{"start":{"line":222,"column":40},"end":{"line":224,"column":7}}]},"33":{"type":"branch","line":224,"loc":{"start":{"line":224,"column":6},"end":{"line":231,"column":29}},"locations":[{"start":{"line":224,"column":6},"end":{"line":231,"column":29}}]},"34":{"type":"branch","line":231,"loc":{"start":{"line":231,"column":29},"end":{"line":233,"column":7}},"locations":[{"start":{"line":231,"column":29},"end":{"line":233,"column":7}}]},"35":{"type":"branch","line":233,"loc":{"start":{"line":233,"column":6},"end":{"line":234,"column":27}},"locations":[{"start":{"line":233,"column":6},"end":{"line":234,"column":27}}]},"36":{"type":"branch","line":234,"loc":{"start":{"line":234,"column":27},"end":{"line":238,"column":7}},"locations":[{"start":{"line":234,"column":27},"end":{"line":238,"column":7}}]},"37":{"type":"branch","line":238,"loc":{"start":{"line":238,"column":6},"end":{"line":241,"column":39}},"locations":[{"start":{"line":238,"column":6},"end":{"line":241,"column":39}}]},"38":{"type":"branch","line":241,"loc":{"start":{"line":241,"column":39},"end":{"line":243,"column":7}},"locations":[{"start":{"line":241,"column":39},"end":{"line":243,"column":7}}]},"39":{"type":"branch","line":243,"loc":{"start":{"line":243,"column":6},"end":{"line":247,"column":65}},"locations":[{"start":{"line":243,"column":6},"end":{"line":247,"column":65}}]},"40":{"type":"branch","line":247,"loc":{"start":{"line":247,"column":54},"end":{"line":247,"column":67}},"locations":[{"start":{"line":247,"column":54},"end":{"line":247,"column":67}}]},"41":{"type":"branch","line":248,"loc":{"start":{"line":248,"column":57},"end":{"line":254,"column":5}},"locations":[{"start":{"line":248,"column":57},"end":{"line":254,"column":5}}]},"42":{"type":"branch","line":256,"loc":{"start":{"line":256,"column":4},"end":{"line":296,"column":5}},"locations":[{"start":{"line":256,"column":4},"end":{"line":296,"column":5}}]},"43":{"type":"branch","line":257,"loc":{"start":{"line":257,"column":37},"end":{"line":259,"column":7}},"locations":[{"start":{"line":257,"column":37},"end":{"line":259,"column":7}}]},"44":{"type":"branch","line":259,"loc":{"start":{"line":259,"column":6},"end":{"line":261,"column":20}},"locations":[{"start":{"line":259,"column":6},"end":{"line":261,"column":20}}]},"45":{"type":"branch","line":261,"loc":{"start":{"line":261,"column":20},"end":{"line":263,"column":7}},"locations":[{"start":{"line":261,"column":20},"end":{"line":263,"column":7}}]},"46":{"type":"branch","line":263,"loc":{"start":{"line":263,"column":6},"end":{"line":266,"column":40}},"locations":[{"start":{"line":263,"column":6},"end":{"line":266,"column":40}}]},"47":{"type":"branch","line":266,"loc":{"start":{"line":266,"column":40},"end":{"line":268,"column":7}},"locations":[{"start":{"line":266,"column":40},"end":{"line":268,"column":7}}]},"48":{"type":"branch","line":268,"loc":{"start":{"line":268,"column":6},"end":{"line":275,"column":57}},"locations":[{"start":{"line":268,"column":6},"end":{"line":275,"column":57}}]},"49":{"type":"branch","line":275,"loc":{"start":{"line":275,"column":57},"end":{"line":282,"column":39}},"locations":[{"start":{"line":275,"column":57},"end":{"line":282,"column":39}}]},"50":{"type":"branch","line":282,"loc":{"start":{"line":282,"column":39},"end":{"line":284,"column":7}},"locations":[{"start":{"line":282,"column":39},"end":{"line":284,"column":7}}]},"51":{"type":"branch","line":284,"loc":{"start":{"line":284,"column":6},"end":{"line":296,"column":5}},"locations":[{"start":{"line":284,"column":6},"end":{"line":296,"column":5}}]},"52":{"type":"branch","line":298,"loc":{"start":{"line":298,"column":4},"end":{"line":315,"column":5}},"locations":[{"start":{"line":298,"column":4},"end":{"line":315,"column":5}}]},"53":{"type":"branch","line":301,"loc":{"start":{"line":301,"column":34},"end":{"line":302,"column":47}},"locations":[{"start":{"line":301,"column":34},"end":{"line":302,"column":47}}]},"54":{"type":"branch","line":303,"loc":{"start":{"line":303,"column":8},"end":{"line":315,"column":5}},"locations":[{"start":{"line":303,"column":8},"end":{"line":315,"column":5}}]},"55":{"type":"branch","line":317,"loc":{"start":{"line":317,"column":4},"end":{"line":318,"column":53}},"locations":[{"start":{"line":317,"column":4},"end":{"line":318,"column":53}}]},"56":{"type":"branch","line":120,"loc":{"start":{"line":120,"column":50},"end":{"line":120,"column":60}},"locations":[{"start":{"line":120,"column":50},"end":{"line":120,"column":60}}]},"57":{"type":"branch","line":159,"loc":{"start":{"line":159,"column":15},"end":{"line":159,"column":65}},"locations":[{"start":{"line":159,"column":15},"end":{"line":159,"column":65}}]},"58":{"type":"branch","line":159,"loc":{"start":{"line":159,"column":32},"end":{"line":159,"column":53}},"locations":[{"start":{"line":159,"column":32},"end":{"line":159,"column":53}}]}},"b":{"0":[21],"1":[21],"2":[9],"3":[12],"4":[0],"5":[21],"6":[1],"7":[20],"8":[4],"9":[1],"10":[3],"11":[1],"12":[0],"13":[2],"14":[1],"15":[1],"16":[0],"17":[0],"18":[1],"19":[1],"20":[1],"21":[0],"22":[3],"23":[1],"24":[2],"25":[1],"26":[2],"27":[1],"28":[1],"29":[6],"30":[1],"31":[5],"32":[1],"33":[4],"34":[1],"35":[3],"36":[1],"37":[2],"38":[0],"39":[2],"40":[0],"41":[2],"42":[4],"43":[1],"44":[3],"45":[1],"46":[2],"47":[0],"48":[2],"49":[1],"50":[0],"51":[1],"52":[2],"53":[1],"54":[1],"55":[1],"56":[1],"57":[8],"58":[0]},"fnMap":{"0":{"name":"buildContentResponse","decl":{"start":{"line":78,"column":29},"end":{"line":87,"column":2}},"loc":{"start":{"line":78,"column":29},"end":{"line":87,"column":2}},"line":78},"1":{"name":"textEditorExecute","decl":{"start":{"line":89,"column":33},"end":{"line":102,"column":2}},"loc":{"start":{"line":89,"column":33},"end":{"line":102,"column":2}},"line":89},"2":{"name":"textEditorInternal","decl":{"start":{"line":104,"column":27},"end":{"line":320,"column":2}},"loc":{"start":{"line":104,"column":27},"end":{"line":320,"column":2}},"line":104}},"f":{"0":21,"1":21,"2":21}}
}
